<?xml version="1.0" encoding="UTF-8"?>
<!-- Generated by org.testng.reporters.JUnitReportReporter -->
<testsuite skipped="0" hostname="LAPTOP-0H935DFN" name="NewAutomationProject.PlansAutomation.LoginTest" tests="1" failures="0" timestamp="21 Dec 2017 02:07:30 GMT" time="3.962" errors="0">
  <testcase name="doLogin" time="3.962" classname="NewAutomationProject.PlansAutomation.LoginTest"/>
</testsuite> <!-- NewAutomationProject.PlansAutomation.LoginTest -->
